Build started 05.03.2013 20:41:39.
     1>Project "E:\Workspace\VS_Projects\JumpStory\JumpStory\JumpStory.vcxproj" on node 2 (Clean target(s)).
     1>CoreClean:
         "C:\Program Files (x86)\Sysprogs\VisualGDB\\VisualGDB.exe" /clean "E:\Workspace\VS_Projects\JumpStory\JumpStory\JumpStory.vcxproj" "/solution:E:\Workspace\VS_Projects\JumpStory\JumpStory.sln" "/config:Debug" "/platform:Win32" "/config:" "/platform:Win32"
         E:\Android\android-ndk-r8d\ndk-build.cmd NDK_DEBUG=1 APP_PLATFORM=android-9 VGDB_VSCONFIG=Debug clean
         Clean: android_native_app_glue [armeabi]
         Clean: jumpstory [armeabi]
         Clean: stlport_shared [armeabi]
         Clean: stlport_static [armeabi]
         E:\Android\install\apache-ant-1.8.4\bin\ant.bat clean
         Buildfile: E:\Workspace\VS_Projects\JumpStory\JumpStory\build.xml
         
         -check-env:
          [checkenv] Android SDK Tools Revision 21.1.0
          [checkenv] Installed at E:\Android\adt-bundle-windows-x86_64\sdk
         
         -setup:
              [echo] Project Name: NativeActivity
           [gettype] Project Type: Application
         
         -pre-clean:
         
         clean:
            [delete] Deleting directory E:\Workspace\VS_Projects\JumpStory\JumpStory\bin
            [delete] Deleting directory E:\Workspace\VS_Projects\JumpStory\JumpStory\gen
         [getlibpath] Library dependencies:
         [getlibpath] No Libraries
            [subant] No sub-builds to iterate on
         
         BUILD SUCCESSFUL
         Total time: 4 seconds
         VisualGDB: deleting E:\Workspace\VS_Projects\JumpStory\JumpStory\bin and all its contents.
         VisualGDB: deleting E:\Workspace\VS_Projects\JumpStory\JumpStory\libs and all its contents.
         VisualGDB: deleting E:\Workspace\VS_Projects\JumpStory\JumpStory\obj and all its contents.
     1>Done Building Project "E:\Workspace\VS_Projects\JumpStory\JumpStory\JumpStory.vcxproj" (Clean target(s)).

Build succeeded.

Time Elapsed 00:00:39.32
